-------------------------------------------------------------------------------
Test set: edu.csusm.capstone.timeseriesannotator.Model.CSVReaderTest
-------------------------------------------------------------------------------
<<<<<<< HEAD
<<<<<<< Updated upstream
Tests run: 1, Failures: 0, Errors: 0, Skipped: 0, Time elapsed: 0.019 sec
=======
Tests run: 1, Failures: 0, Errors: 0, Skipped: 0, Time elapsed: 0.011 sec
>>>>>>> Stashed changes
=======
Tests run: 1, Failures: 1, Errors: 0, Skipped: 0, Time elapsed: 0.007 sec <<< FAILURE!
edu.csusm.capstone.timeseriesannotator.Model.CSVReaderTest.testBuildDataList()  Time elapsed: 0.006 sec  <<< FAILURE!
org.opentest4j.AssertionFailedError: expected: <> but was: <null>
	at org.junit.jupiter.api.AssertionUtils.fail(AssertionUtils.java:55)
	at org.junit.jupiter.api.AssertionUtils.failNotEqual(AssertionUtils.java:62)
	at org.junit.jupiter.api.AssertEquals.assertEquals(AssertEquals.java:182)
	at org.junit.jupiter.api.AssertEquals.assertEquals(AssertEquals.java:177)
	at org.junit.jupiter.api.Assertions.assertEquals(Assertions.java:1124)
	at edu.csusm.capstone.timeseriesannotator.Model.CSVReaderTest.testBuildDataList(CSVReaderTest.java:42)

>>>>>>> main
